
> mzj-platform@1.13.2 typecheck /mnt/data/MZJ-Platform-v1.13.2-Operations-Native-FULL-Vercel-TypeFix
> node scripts/check-api-imports.mjs && node scripts/check-crm-module.mjs && node scripts/check-customer-completion.mjs && node scripts/check-crm-reference-v27.mjs && node scripts/check-crm-settings-v180.mjs && node scripts/check-crm-entry-distribution-v192.mjs && node scripts/check-worker-route-discovery-v194.mjs && node scripts/check-tracking-module-v112.mjs && node scripts/check-operations-module-v113.mjs && node scripts/check-operations-final-corrections.mjs && node scripts/test-operations-shortage-rules.mjs && node scripts/check-typescript-syntax.mjs && tsc -b

API and server import extension check passed.
CRM module structure and no-sample-data check passed.
Dynamic customer completion calculation check passed.
CRM reference v27 structure, unread flow, finance differences, and category checks passed.
CRM settings v1.8 full-width layout, Worker-based Mersal sync, and distribution checks passed.
CRM v1.9.2 entry/distribution-only flow, full-screen chat, mapped templates, and shared Mersal send endpoint checks passed.
PASS: WhatsApp uses only the configured canonical worker route
PASS: Worker delivery has no route fallback loop
PASS: Template payload sends both params and components
PASS: Mersal template name is preferred over provider numeric id
PASS: UI request returns queued while Vercel finishes the provider call in the background
PASS: Worker result is stored directly by the background platform task
PASS: Admin exposes one WhatsApp send field for text, templates, and media
Tracking native platform module, archive flow, public page, deletion, dual-sync ingest, and SMS+ checks passed.
Operations native module structural, safety, routing, state-machine, dashboard-source, tracking-link, and migration checks passed.
Operations final mandatory corrections static acceptance checks passed.
Operations shortage business-rule tests passed (warehouse-only +3, branch gaps, agency/status/accessory exclusions, dedupe, and unique color combinations).
TypeScript/TSX syntax and isolated transpilation checks passed for 109 files.
